Build started 2/28/2015 11:05:43 PM.
     1>Project "C:\Users\jiang_000\Desktop\Finished\BoulderBlast\BoulderBlast.vcxproj" on node 2 (Build target(s)).
     1>ClCompile:
         F:\Visual Studio Professional 2013 with Update 4 (x86) - DVD (English)\VC\bin\CL.exe /c /ZI /nologo /W3 /WX- /sdl /Od /Oy- /D WIN32 /D _DEBUG /D _CONSOLE /D _CRT_SECURE_NO_WARNINGS /D GLUT_BUILDING_LIB /D _UNICODE /D UNICODE /Gm /EHsc /RTC1 /MDd /GS /fp:precise /Zc:wchar_t /Zc:forScope /Fo"Debug\\" /Fd"Debug\vc120.pdb" /Gd /TP /analyze- /errorReport:prompt Actor.cpp GameController.cpp GameWorld.cpp main.cpp StudentWorld.cpp
         StudentWorld.cpp
         main.cpp
         GameWorld.cpp
         GameController.cpp
         Actor.cpp
         Generating Code...
       Link:
         F:\Visual Studio Professional 2013 with Update 4 (x86) - DVD (English)\VC\bin\link.exe /ERRORREPORT:PROMPT /OUT:"C:\Users\jiang_000\Desktop\Finished\Debug\BoulderBlast.exe" /INCREMENTAL /NOLOGO kernel32.lib user32.lib gdi32.lib winspool.lib comdlg32.lib advapi32.lib shell32.lib ole32.lib oleaut32.lib uuid.lib odbc32.lib odbccp32.lib /MANIFEST /MANIFESTUAC:"level='asInvoker' uiAccess='false'" /manifest:embed /DEBUG /PDB:"C:\Users\jiang_000\Desktop\Finished\Debug\BoulderBlast.pdb" /SUBSYSTEM:CONSOLE /TLBID:1 /DYNAMICBASE /NXCOMPAT /IMPLIB:"C:\Users\jiang_000\Desktop\Finished\Debug\BoulderBlast.lib" /MACHINE:X86 Debug\Actor.obj
         Debug\GameController.obj
         Debug\GameWorld.obj
         Debug\main.obj
         Debug\StudentWorld.obj
         BoulderBlast.vcxproj -> C:\Users\jiang_000\Desktop\Finished\Debug\BoulderBlast.exe
     1>Done Building Project "C:\Users\jiang_000\Desktop\Finished\BoulderBlast\BoulderBlast.vcxproj" (Build target(s)).

Build succeeded.

Time Elapsed 00:00:02.69
